2025-12-11 12:03:10,584 - INFO - INICIO de execucao
2025-12-11 12:03:11,503 - INFO - Requisicao bem sucedida
2025-12-11 12:03:11,582 - INFO - RAW atualziado
2025-12-11 12:03:11,582 - INFO - FIM de execucao
2025-12-11 12:32:13,230 - INFO - INICIO de execucao
2025-12-11 12:32:13,952 - INFO - Requisicao bem sucedida
2025-12-11 12:32:35,010 - INFO - INICIO de execucao
2025-12-11 12:32:35,010 - INFO - Requisicao API dispensada
2025-12-11 12:32:42,860 - INFO - INICIO de execucao
2025-12-11 12:32:42,860 - INFO - Requisicao API dispensada
2025-12-11 12:32:42,922 - INFO - RAW atualziado
2025-12-11 12:32:42,922 - INFO - FIM de execucao
2025-12-11 14:03:31,951 - INFO - INICIO de execucao
2025-12-11 14:03:32,762 - INFO - Requisicao bem sucedida
2025-12-11 14:03:32,826 - INFO - RAW atualziado
2025-12-11 14:03:32,843 - INFO - FIM de execucao
2025-12-12 08:04:50,323 - INFO - INICIO de execucao
2025-12-12 08:04:51,184 - INFO - Requisicao bem sucedida
2025-12-12 08:04:51,267 - INFO - RAW atualizado
2025-12-12 08:04:51,336 - INFO - FIM de execucao
2025-12-12 10:31:19,484 - INFO - INICIO de execucao
2025-12-12 10:31:19,484 - INFO - Requisicao API dispensada
2025-12-12 10:31:19,554 - INFO - RAW atualizado
2025-12-12 10:32:02,415 - INFO - INICIO de execucao
2025-12-12 10:32:02,415 - INFO - Requisicao API dispensada
2025-12-12 10:32:02,474 - INFO - RAW atualizado
2025-12-12 10:32:03,084 - INFO - Dash is running on http://127.0.0.1:8050/

2025-12-12 10:32:24,681 - INFO - FIM de execucao
2025-12-12 10:32:26,386 - INFO - INICIO de execucao
2025-12-12 10:32:26,386 - INFO - Requisicao API dispensada
2025-12-12 10:32:26,441 - INFO - RAW atualizado
2025-12-12 10:32:27,062 - INFO - Dash is running on http://127.0.0.1:8050/

2025-12-12 10:32:43,450 - INFO - FIM de execucao
2025-12-12 10:49:28,061 - INFO - INICIO de execucao
2025-12-12 10:49:28,061 - INFO - Requisicao API dispensada
2025-12-12 10:49:28,145 - INFO - RAW atualizado
2025-12-12 10:49:29,143 - INFO - Dash is running on http://127.0.0.1:8050/

2025-12-12 10:54:41,617 - INFO - FIM de execucao
2025-12-12 10:58:48,858 - INFO - INICIO de execucao
2025-12-12 10:58:48,858 - INFO - Requisicao API dispensada
2025-12-12 10:58:48,939 - INFO - RAW atualizado
2025-12-12 10:58:49,750 - INFO - Dash is running on http://127.0.0.1:8050/

2025-12-12 10:58:56,572 - INFO - FIM de execucao
2025-12-12 10:59:21,977 - INFO - INICIO de execucao
2025-12-12 10:59:22,712 - INFO - Requisicao bem sucedida
2025-12-12 10:59:22,775 - INFO - RAW atualizado
2025-12-12 10:59:23,488 - INFO - Dash is running on http://127.0.0.1:8050/

2025-12-12 10:59:50,517 - INFO - FIM de execucao
2025-12-12 11:05:23,548 - INFO - INICIO de execucao
2025-12-12 11:05:23,701 - INFO - Requisicao bem sucedida
2025-12-12 11:05:23,767 - INFO - RAW atualizado
2025-12-12 11:05:24,598 - INFO - Dash is running on http://127.0.0.1:8050/

2025-12-12 11:05:29,876 - INFO - FIM de execucao
2025-12-14 10:10:26,706 - INFO - INICIO de execucao
2025-12-14 10:10:27,404 - INFO - Requisicao bem sucedida
2025-12-14 10:10:27,486 - INFO - RAW atualizado
2025-12-14 10:10:28,617 - INFO - Dash is running on http://127.0.0.1:8050/

2025-12-14 10:11:04,670 - INFO - FIM de execucao
2025-12-14 10:49:10,482 - INFO - INICIO de execucao
2025-12-14 10:49:10,482 - INFO - Requisicao API dispensada
2025-12-14 10:49:10,565 - INFO - RAW atualizado
2025-12-14 10:49:11,107 - INFO - Dash is running on http://127.0.0.1:8050/

2025-12-14 11:36:17,547 - INFO - INICIO de execucao
2025-12-14 11:36:17,547 - INFO - Requisicao API dispensada
2025-12-14 11:36:17,606 - INFO - RAW atualizado
2025-12-14 11:36:18,213 - INFO - Dash is running on http://127.0.0.1:8050/

2025-12-14 11:39:07,461 - INFO - FIM de execucao
2025-12-14 11:41:36,685 - INFO - INICIO de execucao
2025-12-14 11:41:36,686 - INFO - Requisicao API dispensada
2025-12-14 11:41:36,743 - INFO - RAW atualizado
2025-12-14 11:41:37,333 - INFO - Dash is running on http://127.0.0.1:8050/

2025-12-14 11:43:05,326 - INFO - FIM de execucao
2025-12-14 11:43:07,130 - INFO - INICIO de execucao
2025-12-14 11:43:07,130 - INFO - Requisicao API dispensada
2025-12-14 11:43:07,193 - INFO - RAW atualizado
2025-12-14 11:43:07,762 - INFO - Dash is running on http://127.0.0.1:8050/

2025-12-14 11:45:07,431 - INFO - FIM de execucao
2025-12-14 11:45:10,540 - INFO - INICIO de execucao
2025-12-14 11:45:10,540 - INFO - Requisicao API dispensada
2025-12-14 11:45:10,590 - INFO - RAW atualizado
2025-12-14 11:45:11,159 - INFO - Dash is running on http://127.0.0.1:8050/

2025-12-14 11:45:37,481 - INFO - FIM de execucao
2025-12-14 11:45:46,405 - INFO - INICIO de execucao
2025-12-14 11:45:46,405 - INFO - Requisicao API dispensada
2025-12-14 11:45:46,469 - INFO - RAW atualizado
2025-12-14 11:45:47,084 - INFO - Dash is running on http://127.0.0.1:8050/

2025-12-14 11:49:21,951 - INFO - FIM de execucao
2025-12-14 11:49:23,783 - INFO - INICIO de execucao
2025-12-14 11:49:23,783 - INFO - Requisicao API dispensada
2025-12-14 11:49:23,840 - INFO - RAW atualizado
2025-12-14 11:49:24,379 - INFO - Dash is running on http://127.0.0.1:8050/

2025-12-14 11:50:20,486 - INFO - FIM de execucao
2025-12-14 11:50:22,185 - INFO - INICIO de execucao
2025-12-14 11:50:22,185 - INFO - Requisicao API dispensada
2025-12-14 11:50:22,248 - INFO - RAW atualizado
2025-12-14 11:50:22,792 - INFO - Dash is running on http://127.0.0.1:8050/

2025-12-14 11:52:18,912 - INFO - FIM de execucao
2025-12-14 11:52:21,806 - INFO - INICIO de execucao
2025-12-14 11:52:21,806 - INFO - Requisicao API dispensada
2025-12-14 11:52:21,863 - INFO - RAW atualizado
2025-12-14 11:52:22,421 - INFO - Dash is running on http://127.0.0.1:8050/

2025-12-14 11:59:40,836 - INFO - FIM de execucao
2025-12-14 11:59:42,676 - INFO - INICIO de execucao
2025-12-14 11:59:42,676 - INFO - Requisicao API dispensada
2025-12-14 11:59:42,734 - INFO - RAW atualizado
2025-12-14 12:04:13,564 - INFO - INICIO de execucao
2025-12-14 12:04:13,564 - INFO - Requisicao API dispensada
2025-12-14 12:04:13,622 - INFO - RAW atualizado
2025-12-14 12:04:14,201 - INFO - Dash is running on http://127.0.0.1:8050/

2025-12-14 12:10:01,469 - INFO - FIM de execucao
2025-12-14 12:10:03,545 - INFO - INICIO de execucao
2025-12-14 12:10:03,545 - INFO - Requisicao API dispensada
2025-12-14 12:10:03,607 - INFO - RAW atualizado
2025-12-14 12:10:04,203 - INFO - Dash is running on http://127.0.0.1:8050/

2025-12-14 12:11:47,462 - INFO - FIM de execucao
